==16464== Memcheck, a memory error detector
==16464== Copyright (C) 2002-2017, and GNU GPL'd, by Julian Seward et al.
==16464== Using Valgrind-3.18.1 and LibVEX; rerun with -h for copyright info
==16464== Command: ./minishell
==16464== Parent PID: 16463
==16464== 
==16816== 
==16816== HEAP SUMMARY:
==16816==     in use at exit: 208,323 bytes in 232 blocks
==16816==   total heap usage: 1,104 allocs, 872 frees, 248,822 bytes allocated
==16816== 
==16816== LEAK SUMMARY:
==16816==    definitely lost: 0 bytes in 0 blocks
==16816==    indirectly lost: 0 bytes in 0 blocks
==16816==      possibly lost: 0 bytes in 0 blocks
==16816==    still reachable: 0 bytes in 0 blocks
==16816==         suppressed: 208,323 bytes in 232 blocks
==16816== 
==16816== For lists of detected and suppressed errors, rerun with: -s
==16816== ERROR SUMMARY: 0 errors from 0 contexts (suppressed: 0 from 0)
==16464== 
==16464== HEAP SUMMARY:
==16464==     in use at exit: 208,181 bytes in 222 blocks
==16464==   total heap usage: 924 allocs, 702 frees, 241,650 bytes allocated
==16464== 
==16464== LEAK SUMMARY:
==16464==    definitely lost: 0 bytes in 0 blocks
==16464==    indirectly lost: 0 bytes in 0 blocks
==16464==      possibly lost: 0 bytes in 0 blocks
==16464==    still reachable: 0 bytes in 0 blocks
==16464==         suppressed: 208,181 bytes in 222 blocks
==16464== 
==16464== For lists of detected and suppressed errors, rerun with: -s
==16464== ERROR SUMMARY: 0 errors from 0 contexts (suppressed: 0 from 0)
